<?xml version="1.0" encoding="UTF-8"?>
<testsuites name="Mocha Tests" time="0.174" tests="2" failures="0">
  <testsuite name="Root Suite" timestamp="2025-03-05T20:23:30" tests="0" file="cypress/e2e/api.spec.cy.ts" time="0.000" failures="0">
  </testsuite>
  <testsuite name="API Tests" timestamp="2025-03-05T20:23:30" tests="2" time="0.170" failures="0">
    <testcase name="API Tests should return a list of users" time="0.121" classname="should return a list of users">
    </testcase>
    <testcase name="API Tests should return a user with correct name" time="0.036" classname="should return a user with correct name">
    </testcase>
  </testsuite>
</testsuites>