<?xml version="1.0" encoding="UTF-8"?>
<testsuites name="Mocha Tests" time="0.107" tests="1" failures="0">
  <testsuite name="Root Suite" timestamp="2025-03-05T19:57:18" tests="0" file="cypress/e2e/api.spec.cy.ts" time="0.000" failures="0">
  </testsuite>
  <testsuite name="API Tests" timestamp="2025-03-05T19:57:18" tests="1" time="0.105" failures="0">
    <testcase name="API Tests should return a list of users" time="0.095" classname="should return a list of users">
    </testcase>
  </testsuite>
</testsuites>